# JRE version: OpenJDK Runtime Environment (11.0.19+7) (build 11.0.19+7-LTS)
# Java VM: OpenJDK 64-Bit Server VM (11.0.19+7-LTS, mixed mode, tiered, g1 gc, linux-amd64)
Heap:
 garbage-first heap   total 2801664K, used 1079907K [0x00007f2634000000, 0x00007f36b4000000)
  region size 16384K, 9 young (147456K), 2 survivors (32768K)
 Metaspace       used 55046K, capacity 55705K, committed 55960K, reserved 57344K
GC Heap History (20 events):
Event: 4.732 GC heap before
{Heap before GC invocations=10 (full 0):
 garbage-first heap   total 1867776K, used 210549K [0x00007f2634000000, 0x00007f36b4000000)
  region size 16384K, 7 young (114688K), 2 survivors (32768K)
 Metaspace       used 35264K, capacity 35694K, committed 35840K, reserved 36864K
}
Event: 4.743 GC heap after
{Heap after GC invocations=11 (full 0):
 garbage-first heap   total 1867776K, used 164598K [0x00007f2634000000, 0x00007f36b4000000)
  region size 16384K, 2 young (32768K), 2 survivors (32768K)
 Metaspace       used 35264K, capacity 35694K, committed 35840K, reserved 36864K
}
Event: 9.605 GC heap before
{Heap before GC invocations=12 (full 0):
 garbage-first heap   total 1867776K, used 344822K [0x00007f2634000000, 0x00007f36b4000000)
  region size 16384K, 13 young (212992K), 2 survivors (32768K)
 Metaspace       used 47028K, capacity 47631K, committed 47768K, reserved 49152K
}
Event: 9.624 GC heap after
{Heap after GC invocations=13 (full 0):
 garbage-first heap   total 2244608K, used 178037K [0x00007f2634000000, 0x00007f36b4000000)
  region size 16384K, 2 young (32768K), 2 survivors (32768K)
 Metaspace       used 47028K, capacity 47631K, committed 47768K, reserved 49152K
}
Event: 12.617 GC heap before
{Heap before GC invocations=14 (full 0):
 garbage-first heap   total 2244608K, used 1488757K [0x00007f2634000000, 0x00007f36b4000000)
  region size 16384K, 82 young (1343488K), 2 survivors (32768K)
 Metaspace       used 53248K, capacity 53861K, committed 53912K, reserved 55296K
}
Event: 12.669 GC heap after
{Heap after GC invocations=15 (full 0):
 garbage-first heap   total 2244608K, used 426382K [0x00007f2634000000, 0x00007f36b4000000)
  region size 16384K, 11 young (180224K), 11 survivors (180224K)
 Metaspace       used 53248K, capacity 53861K, committed 53912K, reserved 55296K
}
Event: 12.841 GC heap before
{Heap before GC invocations=15 (full 0):
 garbage-first heap   total 2244608K, used 1311118K [0x00007f2634000000, 0x00007f36b4000000)
  region size 16384K, 65 young (1064960K), 11 survivors (180224K)
 Metaspace       used 53260K, capacity 53925K, committed 54168K, reserved 55296K
}
Event: 12.881 GC heap after
{Heap after GC invocations=16 (full 0):
 garbage-first heap   total 2244608K, used 457825K [0x00007f2634000000, 0x00007f36b4000000)
  region size 16384K, 2 young (32768K), 2 survivors (32768K)
 Metaspace       used 53260K, capacity 53925K, committed 54168K, reserved 55296K
}
Event: 12.992 GC heap before
{Heap before GC invocations=16 (full 0):
 garbage-first heap   total 2244608K, used 1211489K [0x00007f2634000000, 0x00007f36b4000000)
  region size 16384K, 48 young (786432K), 2 survivors (32768K)
 Metaspace       used 53265K, capacity 53925K, committed 54168K, reserved 55296K
}
Event: 12.996 GC heap after
{Heap after GC invocations=17 (full 0):
 garbage-first heap   total 2244608K, used 439237K [0x00007f2634000000, 0x00007f36b4000000)
  region size 16384K, 1 young (16384K), 1 survivors (16384K)
 Metaspace       used 53265K, capacity 53925K, committed 54168K, reserved 55296K
}
Event: 20.947 GC heap before
{Heap before GC invocations=17 (full 0):
 garbage-first heap   total 2244608K, used 1504197K [0x00007f2634000000, 0x00007f36b4000000)
  region size 16384K, 66 young (1081344K), 1 survivors (16384K)
 Metaspace       used 54045K, capacity 54740K, committed 54936K, reserved 55296K
}
Event: 20.965 GC heap after
{Heap after GC invocations=18 (full 0):
 garbage-first heap   total 2244608K, used 523709K [0x00007f2634000000, 0x00007f36b4000000)
  region size 16384K, 6 young (98304K), 6 survivors (98304K)
 Metaspace       used 54045K, capacity 54740K, committed 54936K, reserved 55296K
}
Event: 23.735 GC heap before
{Heap before GC invocations=18 (full 0):
 garbage-first heap   total 2244608K, used 1572285K [0x00007f2634000000, 0x00007f36b4000000)
  region size 16384K, 70 young (1146880K), 6 survivors (98304K)
 Metaspace       used 55009K, capacity 55705K, committed 55960K, reserved 57344K
}
Event: 23.818 GC heap after
{Heap after GC invocations=19 (full 0):
 garbage-first heap   total 2801664K, used 722323K [0x00007f2634000000, 0x00007f36b4000000)
  region size 16384K, 9 young (147456K), 9 survivors (147456K)
 Metaspace       used 55009K, capacity 55705K, committed 55960K, reserved 57344K
}
Event: 24.205 GC heap before
{Heap before GC invocations=19 (full 0):
 garbage-first heap   total 2801664K, used 771475K [0x00007f2634000000, 0x00007f36b4000000)
  region size 16384K, 12 young (196608K), 9 survivors (147456K)
 Metaspace       used 55043K, capacity 55705K, committed 55960K, reserved 57344K
}
Event: 24.272 GC heap after
{Heap after GC invocations=20 (full 0):
 garbage-first heap   total 2801664K, used 751156K [0x00007f2634000000, 0x00007f36b4000000)
  region size 16384K, 2 young (32768K), 2 survivors (32768K)
 Metaspace       used 55043K, capacity 55705K, committed 55960K, reserved 57344K
}
Event: 25.646 GC heap before
{Heap before GC invocations=20 (full 0):
 garbage-first heap   total 2801664K, used 931380K [0x00007f2634000000, 0x00007f36b4000000)
  region size 16384K, 12 young (196608K), 2 survivors (32768K)
 Metaspace       used 55046K, capacity 55705K, committed 55960K, reserved 57344K
}
Event: 25.685 GC heap after
{Heap after GC invocations=21 (full 0):
 garbage-first heap   total 2801664K, used 864130K [0x00007f2634000000, 0x00007f36b4000000)
  region size 16384K, 2 young (32768K), 2 survivors (32768K)
 Metaspace       used 55046K, capacity 55705K, committed 55960K, reserved 57344K
}
Event: 26.870 GC heap before
{Heap before GC invocations=21 (full 0):
 garbage-first heap   total 2801664K, used 1011586K [0x00007f2634000000, 0x00007f36b4000000)
  region size 16384K, 11 young (180224K), 2 survivors (32768K)
 Metaspace       used 55046K, capacity 55705K, committed 55960K, reserved 57344K
}
Event: 26.918 GC heap after
{Heap after GC invocations=22 (full 0):
 garbage-first heap   total 2801664K, used 981603K [0x00007f2634000000, 0x00007f36b4000000)
  region size 16384K, 2 young (32768K), 2 survivors (32768K)
 Metaspace       used 55046K, capacity 55705K, committed 55960K, reserved 57344K
}

