# JRE version: OpenJDK Runtime Environment (11.0.19+7) (build 11.0.19+7-LTS)
# Java VM: OpenJDK 64-Bit Server VM (11.0.19+7-LTS, mixed mode, tiered, g1 gc, linux-amd64)
Heap:
 garbage-first heap   total 2818048K, used 1158352K [0x00007f7190000000, 0x00007f8210000000)
  region size 16384K, 14 young (229376K), 7 survivors (114688K)
 Metaspace       used 55035K, capacity 55705K, committed 55960K, reserved 57344K
GC Heap History (20 events):
Event: 5.171 GC heap before
{Heap before GC invocations=9 (full 0):
 garbage-first heap   total 1867776K, used 247465K [0x00007f7190000000, 0x00007f8210000000)
  region size 16384K, 10 young (163840K), 1 survivors (16384K)
 Metaspace       used 30295K, capacity 30627K, committed 30720K, reserved 30720K
}
Event: 5.182 GC heap after
{Heap after GC invocations=10 (full 0):
 garbage-first heap   total 1867776K, used 138440K [0x00007f7190000000, 0x00007f8210000000)
  region size 16384K, 2 young (32768K), 2 survivors (32768K)
 Metaspace       used 30295K, capacity 30627K, committed 30720K, reserved 30720K
}
Event: 5.745 GC heap before
{Heap before GC invocations=10 (full 0):
 garbage-first heap   total 1867776K, used 236744K [0x00007f7190000000, 0x00007f8210000000)
  region size 16384K, 9 young (147456K), 2 survivors (32768K)
 Metaspace       used 35265K, capacity 35694K, committed 35840K, reserved 36864K
}
Event: 5.757 GC heap after
{Heap after GC invocations=11 (full 0):
 garbage-first heap   total 1867776K, used 164616K [0x00007f7190000000, 0x00007f8210000000)
  region size 16384K, 2 young (32768K), 2 survivors (32768K)
 Metaspace       used 35265K, capacity 35694K, committed 35840K, reserved 36864K
}
Event: 11.637 GC heap before
{Heap before GC invocations=12 (full 0):
 garbage-first heap   total 1867776K, used 344840K [0x00007f7190000000, 0x00007f8210000000)
  region size 16384K, 13 young (212992K), 2 survivors (32768K)
 Metaspace       used 47459K, capacity 48079K, committed 48280K, reserved 49152K
}
Event: 11.658 GC heap after
{Heap after GC invocations=13 (full 0):
 garbage-first heap   total 2244608K, used 179396K [0x00007f7190000000, 0x00007f8210000000)
  region size 16384K, 2 young (32768K), 2 survivors (32768K)
 Metaspace       used 47459K, capacity 48079K, committed 48280K, reserved 49152K
}
Event: 14.377 GC heap before
{Heap before GC invocations=14 (full 0):
 garbage-first heap   total 2244608K, used 900292K [0x00007f7190000000, 0x00007f8210000000)
  region size 16384K, 46 young (753664K), 2 survivors (32768K)
 Metaspace       used 53244K, capacity 53861K, committed 53912K, reserved 55296K
}
Event: 14.422 GC heap after
{Heap after GC invocations=15 (full 0):
 garbage-first heap   total 2244608K, used 428252K [0x00007f7190000000, 0x00007f8210000000)
  region size 16384K, 6 young (98304K), 6 survivors (98304K)
 Metaspace       used 53244K, capacity 53861K, committed 53912K, reserved 55296K
}
Event: 14.513 GC heap before
{Heap before GC invocations=15 (full 0):
 garbage-first heap   total 2244608K, used 870620K [0x00007f7190000000, 0x00007f8210000000)
  region size 16384K, 33 young (540672K), 6 survivors (98304K)
 Metaspace       used 53256K, capacity 53861K, committed 53912K, reserved 55296K
}
Event: 14.550 GC heap after
{Heap after GC invocations=16 (full 0):
 garbage-first heap   total 2244608K, used 453797K [0x00007f7190000000, 0x00007f8210000000)
  region size 16384K, 1 young (16384K), 1 survivors (16384K)
 Metaspace       used 53256K, capacity 53861K, committed 53912K, reserved 55296K
}
Event: 14.631 GC heap before
{Heap before GC invocations=16 (full 0):
 garbage-first heap   total 2244608K, used 1010853K [0x00007f7190000000, 0x00007f8210000000)
  region size 16384K, 35 young (573440K), 1 survivors (16384K)
 Metaspace       used 53256K, capacity 53861K, committed 53912K, reserved 55296K
}
Event: 14.634 GC heap after
{Heap after GC invocations=17 (full 0):
 garbage-first heap   total 2244608K, used 444804K [0x00007f7190000000, 0x00007f8210000000)
  region size 16384K, 1 young (16384K), 1 survivors (16384K)
 Metaspace       used 53256K, capacity 53861K, committed 53912K, reserved 55296K
}
Event: 14.751 GC heap before
{Heap before GC invocations=17 (full 0):
 garbage-first heap   total 2244608K, used 1182084K [0x00007f7190000000, 0x00007f8210000000)
  region size 16384K, 46 young (753664K), 1 survivors (16384K)
 Metaspace       used 53260K, capacity 53861K, committed 53912K, reserved 55296K
}
Event: 14.753 GC heap after
{Heap after GC invocations=18 (full 0):
 garbage-first heap   total 2244608K, used 442367K [0x00007f7190000000, 0x00007f8210000000)
  region size 16384K, 1 young (16384K), 1 survivors (16384K)
 Metaspace       used 53260K, capacity 53861K, committed 53912K, reserved 55296K
}
Event: 15.048 GC heap before
{Heap before GC invocations=18 (full 0):
 garbage-first heap   total 2244608K, used 1556479K [0x00007f7190000000, 0x00007f8210000000)
  region size 16384K, 69 young (1130496K), 1 survivors (16384K)
 Metaspace       used 53266K, capacity 53925K, committed 54168K, reserved 55296K
}
Event: 15.050 GC heap after
{Heap after GC invocations=19 (full 0):
 garbage-first heap   total 2244608K, used 441950K [0x00007f7190000000, 0x00007f8210000000)
  region size 16384K, 1 young (16384K), 1 survivors (16384K)
 Metaspace       used 53266K, capacity 53925K, committed 54168K, reserved 55296K
}
Event: 24.366 GC heap before
{Heap before GC invocations=19 (full 0):
 garbage-first heap   total 2244608K, used 1654366K [0x00007f7190000000, 0x00007f8210000000)
  region size 16384K, 75 young (1228800K), 1 survivors (16384K)
 Metaspace       used 54727K, capacity 55380K, committed 55448K, reserved 57344K
}
Event: 24.431 GC heap after
{Heap after GC invocations=20 (full 0):
 garbage-first heap   total 2244608K, used 614991K [0x00007f7190000000, 0x00007f8210000000)
  region size 16384K, 10 young (163840K), 10 survivors (163840K)
 Metaspace       used 54727K, capacity 55380K, committed 55448K, reserved 57344K
}
Event: 29.189 GC heap before
{Heap before GC invocations=20 (full 0):
 garbage-first heap   total 2244608K, used 1335887K [0x00007f7190000000, 0x00007f8210000000)
  region size 16384K, 51 young (835584K), 10 survivors (163840K)
 Metaspace       used 55006K, capacity 55705K, committed 55960K, reserved 57344K
}
Event: 29.345 GC heap after
{Heap after GC invocations=21 (full 0):
 garbage-first heap   total 2818048K, used 1060048K [0x00007f7190000000, 0x00007f8210000000)
  region size 16384K, 7 young (114688K), 7 survivors (114688K)
 Metaspace       used 55006K, capacity 55705K, committed 55960K, reserved 57344K
}

